Info 0    [18:13:18.898] Starting TS Server
Info 1    [18:13:18.898] Version: 5.3.3
Info 2    [18:13:18.898] Arguments: /usr/bin/node /home/michal/Programming/WebDev/SebChan/node_modules/typescript/lib/tsserver.js --logFile /home/michal/Programming/WebDev/SebChan/.log/tsserver.log --logVerbosity info --cancellationPipeName /tmp/79d2263bab01f8986ef68230f94652bb/tscancellation*
Info 3    [18:13:18.898] Platform: linux NodeVersion: v21.6.1 CaseSensitive: true
Info 4    [18:13:18.898] ServerMode: undefined hasUnknownServerMode: undefined
Info 5    [18:13:18.912] Format host information updated
Info 6    [18:13:18.927] Search path: /home/michal/Programming/WebDev/SebChan/pages
Info 7    [18:13:18.927] For info: /home/michal/Programming/WebDev/SebChan/pages/index.tsx :: Config file name: /home/michal/Programming/WebDev/SebChan/tsconfig.json
Info 8    [18:13:18.927] Creating configuration project /home/michal/Programming/WebDev/SebChan/tsconfig.json
Info 9    [18:13:18.947] Config: /home/michal/Programming/WebDev/SebChan/tsconfig.json : {
 "rootNames": [
  "/home/michal/Programming/WebDev/SebChan/next-env.d.ts",
  "/home/michal/Programming/WebDev/SebChan/pages/api/hello.ts",
  "/home/michal/Programming/WebDev/SebChan/components/layout.tsx",
  "/home/michal/Programming/WebDev/SebChan/pages/_app.tsx",
  "/home/michal/Programming/WebDev/SebChan/pages/index.tsx",
  "/home/michal/Programming/WebDev/SebChan/pages/posts/[id].tsx",
  "/home/michal/Programming/WebDev/SebChan/pages/posts/first-post.tsx",
  "/home/michal/Programming/WebDev/SebChan/pages/posts/second-post.tsx"
 ],
 "options": {
  "lib": [
   "lib.dom.d.ts",
   "lib.dom.iterable.d.ts",
   "lib.esnext.d.ts"
  ],
  "allowJs": true,
  "skipLibCheck": true,
  "strict": false,
  "noEmit": true,
  "incremental": true,
  "esModuleInterop": true,
  "module": 99,
  "moduleResolution": 2,
  "resolveJsonModule": true,
  "isolatedModules": true,
  "jsx": 1,
  "configFilePath": "/home/michal/Programming/WebDev/SebChan/tsconfig.json"
 }
}
Info 10   [18:13:19.030] Starting updateGraphWorker: Project: /home/michal/Programming/WebDev/SebChan/tsconfig.json
Info 11   [18:13:20.189] Finishing updateGraphWorker: Project: /home/michal/Programming/WebDev/SebChan/tsconfig.json Version: 1 structureChanged: true structureIsReused:: Not Elapsed: 1158.8670240000001ms
Info 12   [18:13:20.189] Project '/home/michal/Programming/WebDev/SebChan/tsconfig.json' (Configured)
Info 13   [18:13:20.189] 	Files (472)

Info 14   [18:13:20.189] -----------------------------------------------
